Snake game: changes log

Version 2.4.3:
• The “App about” interface has been updated

Version 2.4.2:
• Implemented the volume control for sound and music;
• XPUN update has been applied

Version 2.4:
• The application has been retargeted to .NET 8.0;
• Some minor fixes have been applied;
• Access checking method has been completely rewritten: now it will properly detect problems
  with file / registry input / output and help user with fixing them;
• Added the special section in the user guide for access troubleshooting

Version 2.3.5:
• Updated HypeHelp and Updates checker mechanics: this should fix apps freezing immediately
  after launch (on some PCs);
• Updated the HypeHelp links list

Version 2.3.2:
• Update for XPUN has been applied

Version 2.3:
• Fixed some graphics issues;
• Fixed the fatal error in the win message;
• Core updates have been applied

Version 2.2.14:
• Added a new version of offline help

Version 2.2.13:
• The offline quick help has been discontinued;
• Completed the process of version control unification

Version 2.2.11:
• Updates and fixes have been applied to the update polling mechanism, as well as to other auxiliary functions

Version 2.2.8:
• Cumulative updates have been applied

Version 2.2.5:
• Disabled the fullscreen mode; game field has been decreased;
• Fixed some issues with the Policy loader where it would sometimes ask for multiple confirmations;
• Implemented the access rights checker: it will test the availability of the Windows registry
  and the application placement for writing and notify user about possible problems

Version 2.2:
• Rewritten settings operator: it should fix problems with requiring administrator rights;
• Updated the interface of message boxes

Version 2.1.7:
• Added UTF32 encoding;
• The interface was adapted to Windows 10, incorrect window borders were fixed

Version 2.1.5:
• Cumulative updates have been applied

Version 2.1.2:
• App about form has been upgraded;
• Links list for HypeHelp has been updated;
• Fixed the updates downloader behavior in some rare conditions;
• Fixed some minor bugs

Version 2.1:
• Game has been integrated into the FDL version control, localization
  and deployment systems;
• App now has an English (US) interface;
• Some fixes applied to the gameplay

Version 2.0:
• App has been rebuilt under MonoGame Framework + .NET Framework 6.0;
• App settings have been moved to Windows registry

Version 1.16.15:
• Package requirements update

Version 1.16:
• Publication on GitHub;
• Re-assembly of an old version
